<?xml version="1.0" encoding="UTF-8"?>
<testng-results ignored="0" total="1" passed="1" failed="0" skipped="0">
  <reporter-output>
  </reporter-output>
  <suite started-at="2025-10-16T09:49:02 MDT" name="Default suite" finished-at="2025-10-16T09:49:15 MDT" duration-ms="12313">
    <groups>
    </groups>
    <test started-at="2025-10-16T09:49:02 MDT" name="Default test" finished-at="2025-10-16T09:49:15 MDT" duration-ms="12313">
      <class name="tutorialsninja.register.TC_RF_13">
        <test-method signature="verifyPlaceholdersINREgisterAccountPage()[pri:0, instance:tutorialsninja.register.TC_RF_13@4f83df68]" started-at="2025-10-16T09:49:02 MDT" name="verifyPlaceholdersINREgisterAccountPage" finished-at="2025-10-16T09:49:15 MDT" duration-ms="12274" status="PASS">
          <reporter-output>
          </reporter-output>
        </test-method> <!-- verifyPlaceholdersINREgisterAccountPage -->
      </class> <!-- tutorialsninja.register.TC_RF_13 -->
    </test> <!-- Default test -->
  </suite> <!-- Default suite -->
</testng-results>
